[2022-09-08T10:09:08.524] [ERROR] error - could not find the user
[2022-09-08T11:58:08.344] [ERROR] error - could not find the user
[2022-09-08T12:03:40.829] [ERROR] error - could not find the user
[2022-09-08T12:04:09.870] [ERROR] error - could not find the user
[2022-09-08T12:05:59.584] [ERROR] error - could not find the user
[2022-09-08T12:05:59.899] [ERROR] error - wrong user credentials
[2022-09-08T12:06:59.744] [ERROR] error - could not find the user
[2022-09-08T12:06:59.795] [ERROR] error - wrong user credentials
[2022-09-08T12:16:47.181] [ERROR] error - User already exists
[2022-09-08T12:16:47.592] [ERROR] error - Registration error
[2022-09-08T12:17:19.178] [ERROR] error - User already exists
[2022-09-08T12:17:19.232] [ERROR] error - Registration error
[2022-09-08T12:17:56.685] [ERROR] error - User already exists
[2022-09-08T12:17:56.736] [ERROR] error - Registration error
[2022-09-08T12:19:31.985] [ERROR] error - Registration error
[2022-09-08T12:26:21.369] [ERROR] error - Registration error
[2022-09-08T14:00:45.133] [ERROR] error - Registration error
[2022-09-08T15:04:11.324] [ERROR] error - User already exists
[2022-09-08T15:04:11.650] [ERROR] error - Registration error
[2022-09-08T15:30:10.563] [ERROR] error - wrong user credentials
[2022-09-08T15:30:26.390] [ERROR] error - wrong user credentials
[2022-09-08T16:35:04.992] [ERROR] error - Registration error
[2022-09-08T16:36:39.674] [ERROR] error - Registration error
[2022-09-08T16:36:44.936] [ERROR] error - Registration error
[2022-09-08T16:41:51.181] [ERROR] error - Registration error
[2022-09-08T16:46:43.787] [ERROR] error - User already exists
[2022-09-08T16:46:43.839] [ERROR] error - Registration error
[2022-09-08T16:47:13.359] [ERROR] error - User already exists
[2022-09-08T16:47:13.418] [ERROR] error - Registration error
[2022-09-10T18:02:19.936] [ERROR] error - wrong user credentials
[2022-09-10T18:03:04.848] [ERROR] error - wrong user credentials
[2022-09-10T18:06:16.629] [ERROR] error - wrong user credentials
[2022-09-10T18:08:38.205] [ERROR] error - wrong user credentials
[2022-09-10T18:22:08.915] [ERROR] error - chart not found
[2022-09-10T18:22:08.967] [ERROR] error - userdata not found at purchase
[2022-09-10T18:26:38.986] [ERROR] error - chart not found
[2022-09-10T18:26:39.064] [ERROR] error - userdata not found at purchase
[2022-09-10T18:27:29.393] [ERROR] error - chart not found
[2022-09-10T18:27:29.447] [ERROR] error - userdata not found at purchase
[2022-09-10T18:35:58.419] [ERROR] error - wrong user credentials
[2022-09-10T18:37:57.643] [ERROR] error - wrong user credentials
[2022-09-10T18:45:42.642] [ERROR] error - chart not found
[2022-09-10T18:45:42.696] [ERROR] error - userdata not found at purchase
[2022-09-10T19:01:53.575] [ERROR] error - at purchaseTypeError: Cannot read properties of undefined (reading 'map')
[2022-09-10T19:03:07.640] [ERROR] error - at purchaseReferenceError: info is not defined
[2022-09-10T19:03:45.446] [ERROR] error - at purchaseTypeError: Cannot read properties of undefined (reading 'map')
[2022-09-10T22:07:33.042] [ERROR] error - ReferenceError: log is not definedtrying to connect to database
[2022-10-27T19:36:38.741] [ERROR] error - {
  message: 'could not add requested product to db',
  error: Error: products validation failed: stock: stock number too high!
      at ValidationError.inspect (C:\Users\betwe\OneDrive\Documentos\CoderHouse\Backend\Proyecto_Final\node_modules\mongoose\lib\error\validation.js:48:26)
      at formatValue (node:internal/util/inspect:763:19)
      at formatProperty (node:internal/util/inspect:1681:11)
      at formatRaw (node:internal/util/inspect:1006:9)
      at formatValue (node:internal/util/inspect:793:10)
      at inspect (node:internal/util/inspect:340:10)
      at formatWithOptionsInternal (node:internal/util/inspect:2006:40)
      at Object.format (node:internal/util/inspect:1880:10)
      at basicLayout (C:\Users\betwe\OneDrive\Documentos\CoderHouse\Backend\Proyecto_Final\node_modules\log4js\lib\layouts.js:65:52)
      at app (C:\Users\betwe\OneDrive\Documentos\CoderHouse\Backend\Proyecto_Final\node_modules\log4js\lib\appenders\file.js:98:23) {
    errors: { stock: [ValidatorError] },
    _message: 'products validation failed'
  }
}
[2022-10-27T19:40:54.515] [ERROR] error - {
  message: 'could not add requested product to db',
  error: Error: products validation failed: code: Path `code` (`000000002`) is longer than the maximum allowed length (8).
      at ValidationError.inspect (C:\Users\betwe\OneDrive\Documentos\CoderHouse\Backend\Proyecto_Final\node_modules\mongoose\lib\error\validation.js:48:26)
      at formatValue (node:internal/util/inspect:763:19)
      at formatProperty (node:internal/util/inspect:1681:11)
      at formatRaw (node:internal/util/inspect:1006:9)
      at formatValue (node:internal/util/inspect:793:10)
      at inspect (node:internal/util/inspect:340:10)
      at formatWithOptionsInternal (node:internal/util/inspect:2006:40)
      at Object.format (node:internal/util/inspect:1880:10)
      at basicLayout (C:\Users\betwe\OneDrive\Documentos\CoderHouse\Backend\Proyecto_Final\node_modules\log4js\lib\layouts.js:65:52)
      at app (C:\Users\betwe\OneDrive\Documentos\CoderHouse\Backend\Proyecto_Final\node_modules\log4js\lib\appenders\file.js:98:23) {
    errors: { code: [ValidatorError] },
    _message: 'products validation failed'
  }
}
[2022-10-27T19:56:49.826] [ERROR] error - { message: 'unable to modify product' }
[2022-10-27T20:00:02.261] [ERROR] error - { message: 'unable to modify product' }
[2022-10-27T20:05:47.250] [ERROR] error - { message: 'unable to modify product' }
[2022-10-27T20:08:44.034] [ERROR] error - { message: 'unable to modify product' }
[2022-10-27T20:10:13.675] [ERROR] error - { message: 'unable to modify product' }
[2022-10-27T20:12:28.340] [ERROR] error - { message: 'unable to modify product' }
[2022-10-27T20:14:31.182] [ERROR] error - { message: 'unable to modify product' }
[2022-10-27T20:24:22.398] [ERROR] error - {
  errors: {
    stock: ValidatorError: stock number too high!
        at validate (C:\Users\betwe\OneDrive\Documentos\CoderHouse\Backend\Proyecto_Final\node_modules\mongoose\lib\schematype.js:1329:13)
        at SchemaNumber.SchemaType.doValidate (C:\Users\betwe\OneDrive\Documentos\CoderHouse\Backend\Proyecto_Final\node_modules\mongoose\lib\schematype.js:1313:7)
        at C:\Users\betwe\OneDrive\Documentos\CoderHouse\Backend\Proyecto_Final\node_modules\mongoose\lib\helpers\updateValidators.js:151:22
        at module.exports (C:\Users\betwe\OneDrive\Documentos\CoderHouse\Backend\Proyecto_Final\node_modules\mongoose\lib\helpers\updateValidators.js:202:7)
        at C:\Users\betwe\OneDrive\Documentos\CoderHouse\Backend\Proyecto_Final\node_modules\mongoose\lib\query.js:4228:9
        at promiseOrCallback (C:\Users\betwe\OneDrive\Documentos\CoderHouse\Backend\Proyecto_Final\node_modules\mongoose\lib\helpers\promiseOrCallback.js:10:12)
        at model.Query.validate (C:\Users\betwe\OneDrive\Documentos\CoderHouse\Backend\Proyecto_Final\node_modules\mongoose\lib\query.js:4223:10)
        at C:\Users\betwe\OneDrive\Documentos\CoderHouse\Backend\Proyecto_Final\node_modules\kareem\index.js:426:25
        at processTicksAndRejections (node:internal/process/task_queues:78:11) {
      properties: [Object],
      kind: 'max',
      path: 'stock',
      value: 500,
      reason: undefined,
      [Symbol(mongoose:validatorError)]: true
    }
  },
  _message: 'Validation failed',
  message: 'unable to modify product'
}
[2022-10-29T18:52:35.724] [ERROR] error - { message: 'unable to add product to the chart' }
[2022-10-29T18:54:16.782] [ERROR] error - {
  error: TypeError: Cannot read properties of undefined (reading 'push')
      at productToChart (C:\Users\betwe\OneDrive\Documentos\CoderHouse\Backend\Proyecto_Final\services\chartLogic.js:100:35)
      at productInChartUpdater (C:\Users\betwe\OneDrive\Documentos\CoderHouse\Backend\Proyecto_Final\services\chartLogic.js:83:18)
      at processTicksAndRejections (node:internal/process/task_queues:96:5)
      at async addProductToChart (C:\Users\betwe\OneDrive\Documentos\CoderHouse\Backend\Proyecto_Final\controllers\chartMongo.js:26:20),
  message: 'unable to add product to the chart'
}
[2022-10-29T18:57:58.862] [ERROR] error - {
  error: ReferenceError: prods is not defined
      at productToChart (C:\Users\betwe\OneDrive\Documentos\CoderHouse\Backend\Proyecto_Final\services\chartLogic.js:100:27)
      at productInChartUpdater (C:\Users\betwe\OneDrive\Documentos\CoderHouse\Backend\Proyecto_Final\services\chartLogic.js:83:18)
      at processTicksAndRejections (node:internal/process/task_queues:96:5)
      at async addProductToChart (C:\Users\betwe\OneDrive\Documentos\CoderHouse\Backend\Proyecto_Final\controllers\chartMongo.js:26:20),
  message: 'unable to add product to the chart'
}
[2022-10-29T18:58:35.037] [ERROR] error - {
  error: TypeError: productToAdd is not iterable
      at productToChart (C:\Users\betwe\OneDrive\Documentos\CoderHouse\Backend\Proyecto_Final\services\chartLogic.js:100:27)
      at productInChartUpdater (C:\Users\betwe\OneDrive\Documentos\CoderHouse\Backend\Proyecto_Final\services\chartLogic.js:83:18)
      at processTicksAndRejections (node:internal/process/task_queues:96:5)
      at async addProductToChart (C:\Users\betwe\OneDrive\Documentos\CoderHouse\Backend\Proyecto_Final\controllers\chartMongo.js:26:20),
  message: 'unable to add product to the chart'
}
[2022-10-29T19:43:04.487] [ERROR] error - {
  error: CastError: Cast to Number failed for value "NaN" (type number) at path "totalPrice"
      at model.Query.exec (C:\Users\betwe\OneDrive\Documentos\CoderHouse\Backend\Proyecto_Final\node_modules\mongoose\lib\query.js:4780:21)
      at model.Query.Query.then (C:\Users\betwe\OneDrive\Documentos\CoderHouse\Backend\Proyecto_Final\node_modules\mongoose\lib\query.js:4879:15)
      at processTicksAndRejections (node:internal/process/task_queues:96:5) {
    messageFormat: undefined,
    stringValue: '"NaN"',
    kind: 'Number',
    value: NaN,
    path: 'totalPrice',
    reason: AssertionError [ERR_ASSERTION]: The expression evaluated to a falsy value:
    
      assert.ok(!isNaN(val))
    
        at castNumber (C:\Users\betwe\OneDrive\Documentos\CoderHouse\Backend\Proyecto_Final\node_modules\mongoose\lib\cast\number.js:27:10)
        at SchemaNumber.cast (C:\Users\betwe\OneDrive\Documentos\CoderHouse\Backend\Proyecto_Final\node_modules\mongoose\lib\schema\number.js:376:12)
        at SchemaNumber.SchemaType.applySetters (C:\Users\betwe\OneDrive\Documentos\CoderHouse\Backend\Proyecto_Final\node_modules\mongoose\lib\schematype.js:1188:12)
        at SchemaNumber.SchemaType._castForQuery (C:\Users\betwe\OneDrive\Documentos\CoderHouse\Backend\Proyecto_Final\node_modules\mongoose\lib\schematype.js:1622:15)
        at SchemaNumber.castForQuery (C:\Users\betwe\OneDrive\Documentos\CoderHouse\Backend\Proyecto_Final\node_modules\mongoose\lib\schema\number.js:430:14)
        at SchemaNumber.SchemaType.castForQueryWrapper (C:\Users\betwe\OneDrive\Documentos\CoderHouse\Backend\Proyecto_Final\node_modules\mongoose\lib\schematype.js:1589:20)
        at castUpdateVal (C:\Users\betwe\OneDrive\Documentos\CoderHouse\Backend\Proyecto_Final\node_modules\mongoose\lib\helpers\query\castUpdate.js:544:19)
        at walkUpdatePath (C:\Users\betwe\OneDrive\Documentos\CoderHouse\Backend\Proyecto_Final\node_modules\mongoose\lib\helpers\query\castUpdate.js:359:24)
        at castUpdate (C:\Users\betwe\OneDrive\Documentos\CoderHouse\Backend\Proyecto_Final\node_modules\mongoose\lib\helpers\query\castUpdate.js:96:7)
        at model.Query._castUpdate (C:\Users\betwe\OneDrive\Documentos\CoderHouse\Backend\Proyecto_Final\node_modules\mongoose\lib\query.js:4989:10) {
      generatedMessage: true,
      code: 'ERR_ASSERTION',
      actual: false,
      expected: true,
      operator: '=='
    },
    valueType: 'number'
  },
  message: 'unable to add product to the chart'
}
[2022-10-29T19:49:53.931] [ERROR] error - {
  error: CastError: Cast to Number failed for value "{ '$inc': 1000 }" (type Object) at path "totalPrice"
      at model.Query.exec (C:\Users\betwe\OneDrive\Documentos\CoderHouse\Backend\Proyecto_Final\node_modules\mongoose\lib\query.js:4780:21)
      at model.Query.Query.then (C:\Users\betwe\OneDrive\Documentos\CoderHouse\Backend\Proyecto_Final\node_modules\mongoose\lib\query.js:4879:15)
      at processTicksAndRejections (node:internal/process/task_queues:96:5) {
    messageFormat: undefined,
    stringValue: `"{ '$inc': 1000 }"`,
    kind: 'Number',
    value: { '$inc': 1000 },
    path: 'totalPrice',
    reason: AssertionError [ERR_ASSERTION]: The expression evaluated to a falsy value:
    
      assert.ok(!isNaN(val))
    
        at castNumber (C:\Users\betwe\OneDrive\Documentos\CoderHouse\Backend\Proyecto_Final\node_modules\mongoose\lib\cast\number.js:27:10)
        at SchemaNumber.cast (C:\Users\betwe\OneDrive\Documentos\CoderHouse\Backend\Proyecto_Final\node_modules\mongoose\lib\schema\number.js:376:12)
        at SchemaNumber.SchemaType.applySetters (C:\Users\betwe\OneDrive\Documentos\CoderHouse\Backend\Proyecto_Final\node_modules\mongoose\lib\schematype.js:1188:12)
        at SchemaNumber.SchemaType._castForQuery (C:\Users\betwe\OneDrive\Documentos\CoderHouse\Backend\Proyecto_Final\node_modules\mongoose\lib\schematype.js:1622:15)
        at SchemaNumber.castForQuery (C:\Users\betwe\OneDrive\Documentos\CoderHouse\Backend\Proyecto_Final\node_modules\mongoose\lib\schema\number.js:430:14)
        at SchemaNumber.SchemaType.castForQueryWrapper (C:\Users\betwe\OneDrive\Documentos\CoderHouse\Backend\Proyecto_Final\node_modules\mongoose\lib\schematype.js:1589:20)
        at castUpdateVal (C:\Users\betwe\OneDrive\Documentos\CoderHouse\Backend\Proyecto_Final\node_modules\mongoose\lib\helpers\query\castUpdate.js:544:19)
        at walkUpdatePath (C:\Users\betwe\OneDrive\Documentos\CoderHouse\Backend\Proyecto_Final\node_modules\mongoose\lib\helpers\query\castUpdate.js:274:22)
        at castUpdate (C:\Users\betwe\OneDrive\Documentos\CoderHouse\Backend\Proyecto_Final\node_modules\mongoose\lib\helpers\query\castUpdate.js:96:7)
        at model.Query._castUpdate (C:\Users\betwe\OneDrive\Documentos\CoderHouse\Backend\Proyecto_Final\node_modules\mongoose\lib\query.js:4989:10) {
      generatedMessage: true,
      code: 'ERR_ASSERTION',
      actual: false,
      expected: true,
      operator: '=='
    },
    valueType: 'Object'
  },
  message: 'unable to add product to the chart'
}
[2022-10-29T20:08:13.904] [ERROR] error - { message: 'not enough stock' }
[2022-10-29T20:18:19.600] [ERROR] error - { message: 'not enough stock' }
[2022-10-31T23:05:59.316] [ERROR] error - could not remove product form chart
[2022-10-31T23:07:54.312] [ERROR] error - could not remove product form chart
[2022-10-31T23:28:16.797] [ERROR] error - {
  message: 'could not search requested chart on db',
  error: ReferenceError: info is not defined
      at chartFinder (C:\Users\betwe\OneDrive\Documentos\CoderHouse\Backend\Proyecto_Final\services\chartLogic.js:16:9)
      at processTicksAndRejections (node:internal/process/task_queues:96:5)
}
[2022-11-01T00:04:40.981] [ERROR] error - {
  message: 'could not search requested chart on db',
  error: CastError: Cast to ObjectId failed for value "636082c7aec0e706307c09" (type string) at path "_id" for model "charts"
      at model.Query.exec (C:\Users\betwe\OneDrive\Documentos\CoderHouse\Backend\Proyecto_Final\node_modules\mongoose\lib\query.js:4780:21)
      at model.Query.Query.then (C:\Users\betwe\OneDrive\Documentos\CoderHouse\Backend\Proyecto_Final\node_modules\mongoose\lib\query.js:4879:15)
      at processTicksAndRejections (node:internal/process/task_queues:96:5) {
    messageFormat: undefined,
    stringValue: '"636082c7aec0e706307c09"',
    kind: 'ObjectId',
    value: '636082c7aec0e706307c09',
    path: '_id',
    reason: BSONTypeError: Argument passed in must be a string of 12 bytes or a string of 24 hex characters or an integer
        at new BSONTypeError (C:\Users\betwe\OneDrive\Documentos\CoderHouse\Backend\Proyecto_Final\node_modules\bson\lib\error.js:41:28)
        at new ObjectId (C:\Users\betwe\OneDrive\Documentos\CoderHouse\Backend\Proyecto_Final\node_modules\bson\lib\objectid.js:67:23)
        at castObjectId (C:\Users\betwe\OneDrive\Documentos\CoderHouse\Backend\Proyecto_Final\node_modules\mongoose\lib\cast\objectid.js:25:12)
        at ObjectId.cast (C:\Users\betwe\OneDrive\Documentos\CoderHouse\Backend\Proyecto_Final\node_modules\mongoose\lib\schema\objectid.js:246:12)
        at ObjectId.SchemaType.applySetters (C:\Users\betwe\OneDrive\Documentos\CoderHouse\Backend\Proyecto_Final\node_modules\mongoose\lib\schematype.js:1188:12)
        at ObjectId.SchemaType._castForQuery (C:\Users\betwe\OneDrive\Documentos\CoderHouse\Backend\Proyecto_Final\node_modules\mongoose\lib\schematype.js:1622:15)
        at ObjectId.SchemaType.castForQuery (C:\Users\betwe\OneDrive\Documentos\CoderHouse\Backend\Proyecto_Final\node_modules\mongoose\lib\schematype.js:1612:15)
        at ObjectId.SchemaType.castForQueryWrapper (C:\Users\betwe\OneDrive\Documentos\CoderHouse\Backend\Proyecto_Final\node_modules\mongoose\lib\schematype.js:1589:20)
        at cast (C:\Users\betwe\OneDrive\Documentos\CoderHouse\Backend\Proyecto_Final\node_modules\mongoose\lib\cast.js:344:32)
        at model.Query.Query.cast (C:\Users\betwe\OneDrive\Documentos\CoderHouse\Backend\Proyecto_Final\node_modules\mongoose\lib\query.js:5202:12),
    valueType: 'string'
  }
}
[2022-11-01T00:05:27.886] [ERROR] error - {
  message: 'could not search requested chart on db',
  error: CastError: Cast to ObjectId failed for value "636082c7aec0e706307c09" (type string) at path "_id" for model "charts"
      at model.Query.exec (C:\Users\betwe\OneDrive\Documentos\CoderHouse\Backend\Proyecto_Final\node_modules\mongoose\lib\query.js:4780:21)
      at model.Query.Query.then (C:\Users\betwe\OneDrive\Documentos\CoderHouse\Backend\Proyecto_Final\node_modules\mongoose\lib\query.js:4879:15)
      at processTicksAndRejections (node:internal/process/task_queues:96:5) {
    messageFormat: undefined,
    stringValue: '"636082c7aec0e706307c09"',
    kind: 'ObjectId',
    value: '636082c7aec0e706307c09',
    path: '_id',
    reason: BSONTypeError: Argument passed in must be a string of 12 bytes or a string of 24 hex characters or an integer
        at new BSONTypeError (C:\Users\betwe\OneDrive\Documentos\CoderHouse\Backend\Proyecto_Final\node_modules\bson\lib\error.js:41:28)
        at new ObjectId (C:\Users\betwe\OneDrive\Documentos\CoderHouse\Backend\Proyecto_Final\node_modules\bson\lib\objectid.js:67:23)
        at castObjectId (C:\Users\betwe\OneDrive\Documentos\CoderHouse\Backend\Proyecto_Final\node_modules\mongoose\lib\cast\objectid.js:25:12)
        at ObjectId.cast (C:\Users\betwe\OneDrive\Documentos\CoderHouse\Backend\Proyecto_Final\node_modules\mongoose\lib\schema\objectid.js:246:12)
        at ObjectId.SchemaType.applySetters (C:\Users\betwe\OneDrive\Documentos\CoderHouse\Backend\Proyecto_Final\node_modules\mongoose\lib\schematype.js:1188:12)
        at ObjectId.SchemaType._castForQuery (C:\Users\betwe\OneDrive\Documentos\CoderHouse\Backend\Proyecto_Final\node_modules\mongoose\lib\schematype.js:1622:15)
        at ObjectId.SchemaType.castForQuery (C:\Users\betwe\OneDrive\Documentos\CoderHouse\Backend\Proyecto_Final\node_modules\mongoose\lib\schematype.js:1612:15)
        at ObjectId.SchemaType.castForQueryWrapper (C:\Users\betwe\OneDrive\Documentos\CoderHouse\Backend\Proyecto_Final\node_modules\mongoose\lib\schematype.js:1589:20)
        at cast (C:\Users\betwe\OneDrive\Documentos\CoderHouse\Backend\Proyecto_Final\node_modules\mongoose\lib\cast.js:344:32)
        at model.Query.Query.cast (C:\Users\betwe\OneDrive\Documentos\CoderHouse\Backend\Proyecto_Final\node_modules\mongoose\lib\query.js:5202:12),
    valueType: 'string'
  }
}
[2022-11-01T00:08:25.134] [ERROR] error - {
  message: 'could not search requested chart on db',
  error: CastError: Cast to ObjectId failed for value "636082c7aec0e706307c09" (type string) at path "_id" for model "charts"
      at model.Query.exec (C:\Users\betwe\OneDrive\Documentos\CoderHouse\Backend\Proyecto_Final\node_modules\mongoose\lib\query.js:4780:21)
      at model.Query.Query.then (C:\Users\betwe\OneDrive\Documentos\CoderHouse\Backend\Proyecto_Final\node_modules\mongoose\lib\query.js:4879:15)
      at processTicksAndRejections (node:internal/process/task_queues:96:5) {
    messageFormat: undefined,
    stringValue: '"636082c7aec0e706307c09"',
    kind: 'ObjectId',
    value: '636082c7aec0e706307c09',
    path: '_id',
    reason: BSONTypeError: Argument passed in must be a string of 12 bytes or a string of 24 hex characters or an integer
        at new BSONTypeError (C:\Users\betwe\OneDrive\Documentos\CoderHouse\Backend\Proyecto_Final\node_modules\bson\lib\error.js:41:28)
        at new ObjectId (C:\Users\betwe\OneDrive\Documentos\CoderHouse\Backend\Proyecto_Final\node_modules\bson\lib\objectid.js:67:23)
        at castObjectId (C:\Users\betwe\OneDrive\Documentos\CoderHouse\Backend\Proyecto_Final\node_modules\mongoose\lib\cast\objectid.js:25:12)
        at ObjectId.cast (C:\Users\betwe\OneDrive\Documentos\CoderHouse\Backend\Proyecto_Final\node_modules\mongoose\lib\schema\objectid.js:246:12)
        at ObjectId.SchemaType.applySetters (C:\Users\betwe\OneDrive\Documentos\CoderHouse\Backend\Proyecto_Final\node_modules\mongoose\lib\schematype.js:1188:12)
        at ObjectId.SchemaType._castForQuery (C:\Users\betwe\OneDrive\Documentos\CoderHouse\Backend\Proyecto_Final\node_modules\mongoose\lib\schematype.js:1622:15)
        at ObjectId.SchemaType.castForQuery (C:\Users\betwe\OneDrive\Documentos\CoderHouse\Backend\Proyecto_Final\node_modules\mongoose\lib\schematype.js:1612:15)
        at ObjectId.SchemaType.castForQueryWrapper (C:\Users\betwe\OneDrive\Documentos\CoderHouse\Backend\Proyecto_Final\node_modules\mongoose\lib\schematype.js:1589:20)
        at cast (C:\Users\betwe\OneDrive\Documentos\CoderHouse\Backend\Proyecto_Final\node_modules\mongoose\lib\cast.js:344:32)
        at model.Query.Query.cast (C:\Users\betwe\OneDrive\Documentos\CoderHouse\Backend\Proyecto_Final\node_modules\mongoose\lib\query.js:5202:12),
    valueType: 'string'
  }
}
[2022-11-01T00:09:32.230] [ERROR] error - {
  message: 'could not search requested chart on db',
  error: CastError: Cast to ObjectId failed for value "636082c7aec0e706307c09" (type string) at path "_id" for model "charts"
      at model.Query.exec (C:\Users\betwe\OneDrive\Documentos\CoderHouse\Backend\Proyecto_Final\node_modules\mongoose\lib\query.js:4780:21)
      at model.Query.Query.then (C:\Users\betwe\OneDrive\Documentos\CoderHouse\Backend\Proyecto_Final\node_modules\mongoose\lib\query.js:4879:15)
      at processTicksAndRejections (node:internal/process/task_queues:96:5) {
    messageFormat: undefined,
    stringValue: '"636082c7aec0e706307c09"',
    kind: 'ObjectId',
    value: '636082c7aec0e706307c09',
    path: '_id',
    reason: BSONTypeError: Argument passed in must be a string of 12 bytes or a string of 24 hex characters or an integer
        at new BSONTypeError (C:\Users\betwe\OneDrive\Documentos\CoderHouse\Backend\Proyecto_Final\node_modules\bson\lib\error.js:41:28)
        at new ObjectId (C:\Users\betwe\OneDrive\Documentos\CoderHouse\Backend\Proyecto_Final\node_modules\bson\lib\objectid.js:67:23)
        at castObjectId (C:\Users\betwe\OneDrive\Documentos\CoderHouse\Backend\Proyecto_Final\node_modules\mongoose\lib\cast\objectid.js:25:12)
        at ObjectId.cast (C:\Users\betwe\OneDrive\Documentos\CoderHouse\Backend\Proyecto_Final\node_modules\mongoose\lib\schema\objectid.js:246:12)
        at ObjectId.SchemaType.applySetters (C:\Users\betwe\OneDrive\Documentos\CoderHouse\Backend\Proyecto_Final\node_modules\mongoose\lib\schematype.js:1188:12)
        at ObjectId.SchemaType._castForQuery (C:\Users\betwe\OneDrive\Documentos\CoderHouse\Backend\Proyecto_Final\node_modules\mongoose\lib\schematype.js:1622:15)
        at ObjectId.SchemaType.castForQuery (C:\Users\betwe\OneDrive\Documentos\CoderHouse\Backend\Proyecto_Final\node_modules\mongoose\lib\schematype.js:1612:15)
        at ObjectId.SchemaType.castForQueryWrapper (C:\Users\betwe\OneDrive\Documentos\CoderHouse\Backend\Proyecto_Final\node_modules\mongoose\lib\schematype.js:1589:20)
        at cast (C:\Users\betwe\OneDrive\Documentos\CoderHouse\Backend\Proyecto_Final\node_modules\mongoose\lib\cast.js:344:32)
        at model.Query.Query.cast (C:\Users\betwe\OneDrive\Documentos\CoderHouse\Backend\Proyecto_Final\node_modules\mongoose\lib\query.js:5202:12),
    valueType: 'string'
  }
}
[2022-11-01T00:10:00.430] [ERROR] error - {
  message: 'could not search requested chart on db',
  error: CastError: Cast to ObjectId failed for value "636082c7aec0e706307c09" (type string) at path "_id" for model "charts"
      at model.Query.exec (C:\Users\betwe\OneDrive\Documentos\CoderHouse\Backend\Proyecto_Final\node_modules\mongoose\lib\query.js:4780:21)
      at model.Query.Query.then (C:\Users\betwe\OneDrive\Documentos\CoderHouse\Backend\Proyecto_Final\node_modules\mongoose\lib\query.js:4879:15)
      at processTicksAndRejections (node:internal/process/task_queues:96:5) {
    messageFormat: undefined,
    stringValue: '"636082c7aec0e706307c09"',
    kind: 'ObjectId',
    value: '636082c7aec0e706307c09',
    path: '_id',
    reason: BSONTypeError: Argument passed in must be a string of 12 bytes or a string of 24 hex characters or an integer
        at new BSONTypeError (C:\Users\betwe\OneDrive\Documentos\CoderHouse\Backend\Proyecto_Final\node_modules\bson\lib\error.js:41:28)
        at new ObjectId (C:\Users\betwe\OneDrive\Documentos\CoderHouse\Backend\Proyecto_Final\node_modules\bson\lib\objectid.js:67:23)
        at castObjectId (C:\Users\betwe\OneDrive\Documentos\CoderHouse\Backend\Proyecto_Final\node_modules\mongoose\lib\cast\objectid.js:25:12)
        at ObjectId.cast (C:\Users\betwe\OneDrive\Documentos\CoderHouse\Backend\Proyecto_Final\node_modules\mongoose\lib\schema\objectid.js:246:12)
        at ObjectId.SchemaType.applySetters (C:\Users\betwe\OneDrive\Documentos\CoderHouse\Backend\Proyecto_Final\node_modules\mongoose\lib\schematype.js:1188:12)
        at ObjectId.SchemaType._castForQuery (C:\Users\betwe\OneDrive\Documentos\CoderHouse\Backend\Proyecto_Final\node_modules\mongoose\lib\schematype.js:1622:15)
        at ObjectId.SchemaType.castForQuery (C:\Users\betwe\OneDrive\Documentos\CoderHouse\Backend\Proyecto_Final\node_modules\mongoose\lib\schematype.js:1612:15)
        at ObjectId.SchemaType.castForQueryWrapper (C:\Users\betwe\OneDrive\Documentos\CoderHouse\Backend\Proyecto_Final\node_modules\mongoose\lib\schematype.js:1589:20)
        at cast (C:\Users\betwe\OneDrive\Documentos\CoderHouse\Backend\Proyecto_Final\node_modules\mongoose\lib\cast.js:344:32)
        at model.Query.Query.cast (C:\Users\betwe\OneDrive\Documentos\CoderHouse\Backend\Proyecto_Final\node_modules\mongoose\lib\query.js:5202:12),
    valueType: 'string'
  }
}
[2022-11-01T00:10:44.756] [ERROR] error - {
  message: 'could not search requested chart on db',
  error: CastError: Cast to ObjectId failed for value "636082c7aec0e706307c09" (type string) at path "_id" for model "charts"
      at model.Query.exec (C:\Users\betwe\OneDrive\Documentos\CoderHouse\Backend\Proyecto_Final\node_modules\mongoose\lib\query.js:4780:21)
      at model.Query.Query.then (C:\Users\betwe\OneDrive\Documentos\CoderHouse\Backend\Proyecto_Final\node_modules\mongoose\lib\query.js:4879:15)
      at processTicksAndRejections (node:internal/process/task_queues:96:5) {
    messageFormat: undefined,
    stringValue: '"636082c7aec0e706307c09"',
    kind: 'ObjectId',
    value: '636082c7aec0e706307c09',
    path: '_id',
    reason: BSONTypeError: Argument passed in must be a string of 12 bytes or a string of 24 hex characters or an integer
        at new BSONTypeError (C:\Users\betwe\OneDrive\Documentos\CoderHouse\Backend\Proyecto_Final\node_modules\bson\lib\error.js:41:28)
        at new ObjectId (C:\Users\betwe\OneDrive\Documentos\CoderHouse\Backend\Proyecto_Final\node_modules\bson\lib\objectid.js:67:23)
        at castObjectId (C:\Users\betwe\OneDrive\Documentos\CoderHouse\Backend\Proyecto_Final\node_modules\mongoose\lib\cast\objectid.js:25:12)
        at ObjectId.cast (C:\Users\betwe\OneDrive\Documentos\CoderHouse\Backend\Proyecto_Final\node_modules\mongoose\lib\schema\objectid.js:246:12)
        at ObjectId.SchemaType.applySetters (C:\Users\betwe\OneDrive\Documentos\CoderHouse\Backend\Proyecto_Final\node_modules\mongoose\lib\schematype.js:1188:12)
        at ObjectId.SchemaType._castForQuery (C:\Users\betwe\OneDrive\Documentos\CoderHouse\Backend\Proyecto_Final\node_modules\mongoose\lib\schematype.js:1622:15)
        at ObjectId.SchemaType.castForQuery (C:\Users\betwe\OneDrive\Documentos\CoderHouse\Backend\Proyecto_Final\node_modules\mongoose\lib\schematype.js:1612:15)
        at ObjectId.SchemaType.castForQueryWrapper (C:\Users\betwe\OneDrive\Documentos\CoderHouse\Backend\Proyecto_Final\node_modules\mongoose\lib\schematype.js:1589:20)
        at cast (C:\Users\betwe\OneDrive\Documentos\CoderHouse\Backend\Proyecto_Final\node_modules\mongoose\lib\cast.js:344:32)
        at model.Query.Query.cast (C:\Users\betwe\OneDrive\Documentos\CoderHouse\Backend\Proyecto_Final\node_modules\mongoose\lib\query.js:5202:12),
    valueType: 'string'
  }
}
[2022-11-01T00:34:39.012] [ERROR] error - {
  error: CastError: Cast to embedded failed for value "{
    _id: new ObjectId("635b0780f240631552054650"),
    name: 'tornillo electronico',
    price: 30,
    amount: NaN
  }" (type Object) at path "prods" because of "CastError"
      at model.Query.exec (C:\Users\betwe\OneDrive\Documentos\CoderHouse\Backend\Proyecto_Final\node_modules\mongoose\lib\query.js:4780:21)
      at model.Query.Query.then (C:\Users\betwe\OneDrive\Documentos\CoderHouse\Backend\Proyecto_Final\node_modules\mongoose\lib\query.js:4879:15)
      at processTicksAndRejections (node:internal/process/task_queues:96:5) {
    messageFormat: undefined,
    stringValue: '"{\n' +
      '  _id: new ObjectId("635b0780f240631552054650"),\n' +
      "  name: 'tornillo electronico',\n" +
      '  price: 30,\n' +
      '  amount: NaN\n' +
      '}"',
    kind: 'embedded',
    value: {
      _id: new ObjectId("635b0780f240631552054650"),
      name: 'tornillo electronico',
      price: 30,
      amount: NaN
    },
    path: 'prods',
    reason: CastError: Cast to Number failed for value "NaN" (type number) at path "amount"
        at SchemaNumber.cast (C:\Users\betwe\OneDrive\Documentos\CoderHouse\Backend\Proyecto_Final\node_modules\mongoose\lib\schema\number.js:378:11)
        at SchemaNumber.SchemaType.applySetters (C:\Users\betwe\OneDrive\Documentos\CoderHouse\Backend\Proyecto_Final\node_modules\mongoose\lib\schematype.js:1188:12)
        at EmbeddedDocument.$set (C:\Users\betwe\OneDrive\Documentos\CoderHouse\Backend\Proyecto_Final\node_modules\mongoose\lib\document.js:1443:22)
        at EmbeddedDocument.$set (C:\Users\betwe\OneDrive\Documentos\CoderHouse\Backend\Proyecto_Final\node_modules\mongoose\lib\document.js:1168:16)
        at EmbeddedDocument.Document (C:\Users\betwe\OneDrive\Documentos\CoderHouse\Backend\Proyecto_Final\node_modules\mongoose\lib\document.js:161:12)
        at EmbeddedDocument.Subdocument (C:\Users\betwe\OneDrive\Documentos\CoderHouse\Backend\Proyecto_Final\node_modules\mongoose\lib\types\subdocument.js:31:12)
        at EmbeddedDocument.ArraySubdocument [as constructor] (C:\Users\betwe\OneDrive\Documentos\CoderHouse\Backend\Proyecto_Final\node_modules\mongoose\lib\types\ArraySubdocument.js:34:15)
        at new EmbeddedDocument (C:\Users\betwe\OneDrive\Documentos\CoderHouse\Backend\Proyecto_Final\node_modules\mongoose\lib\schema\documentarray.js:127:17)
        at DocumentArrayPath.cast (C:\Users\betwe\OneDrive\Documentos\CoderHouse\Backend\Proyecto_Final\node_modules\mongoose\lib\schema\documentarray.js:494:22)
        at DocumentArrayPath.SchemaType.applySetters (C:\Users\betwe\OneDrive\Documentos\CoderHouse\Backend\Proyecto_Final\node_modules\mongoose\lib\schematype.js:1188:12) {
      stringValue: '"NaN"',
      messageFormat: undefined,
      kind: 'Number',
      value: NaN,
      path: 'amount',
      reason: AssertionError [ERR_ASSERTION]: The expression evaluated to a falsy value:
      
        assert.ok(!isNaN(val))
      
          at castNumber (C:\Users\betwe\OneDrive\Documentos\CoderHouse\Backend\Proyecto_Final\node_modules\mongoose\lib\cast\number.js:27:10)
          at SchemaNumber.cast (C:\Users\betwe\OneDrive\Documentos\CoderHouse\Backend\Proyecto_Final\node_modules\mongoose\lib\schema\number.js:376:12)
          at SchemaNumber.SchemaType.applySetters (C:\Users\betwe\OneDrive\Documentos\CoderHouse\Backend\Proyecto_Final\node_modules\mongoose\lib\schematype.js:1188:12)
          at EmbeddedDocument.$set (C:\Users\betwe\OneDrive\Documentos\CoderHouse\Backend\Proyecto_Final\node_modules\mongoose\lib\document.js:1443:22)
          at EmbeddedDocument.$set (C:\Users\betwe\OneDrive\Documentos\CoderHouse\Backend\Proyecto_Final\node_modules\mongoose\lib\document.js:1168:16)
          at EmbeddedDocument.Document (C:\Users\betwe\OneDrive\Documentos\CoderHouse\Backend\Proyecto_Final\node_modules\mongoose\lib\document.js:161:12)
          at EmbeddedDocument.Subdocument (C:\Users\betwe\OneDrive\Documentos\CoderHouse\Backend\Proyecto_Final\node_modules\mongoose\lib\types\subdocument.js:31:12)
          at EmbeddedDocument.ArraySubdocument [as constructor] (C:\Users\betwe\OneDrive\Documentos\CoderHouse\Backend\Proyecto_Final\node_modules\mongoose\lib\types\ArraySubdocument.js:34:15)
          at new EmbeddedDocument (C:\Users\betwe\OneDrive\Documentos\CoderHouse\Backend\Proyecto_Final\node_modules\mongoose\lib\schema\documentarray.js:127:17)
          at DocumentArrayPath.cast (C:\Users\betwe\OneDrive\Documentos\CoderHouse\Backend\Proyecto_Final\node_modules\mongoose\lib\schema\documentarray.js:494:22) {
        generatedMessage: true,
        code: 'ERR_ASSERTION',
        actual: false,
        expected: true,
        operator: '=='
      },
      valueType: 'number'
    },
    valueType: 'Object'
  },
  message: 'unable to add product to the chart'
}
[2022-11-03T17:55:42.177] [ERROR] error - {
  error: Error: users validation failed: password: regExp.test is not a function
      at ValidationError.inspect (C:\Users\betwe\OneDrive\Documentos\CoderHouse\Backend\Proyecto_Final\node_modules\mongoose\lib\error\validation.js:48:26)
      at formatValue (node:internal/util/inspect:763:19)
      at formatProperty (node:internal/util/inspect:1681:11)
      at formatRaw (node:internal/util/inspect:1006:9)
      at formatValue (node:internal/util/inspect:793:10)
      at inspect (node:internal/util/inspect:340:10)
      at formatWithOptionsInternal (node:internal/util/inspect:2006:40)
      at Object.format (node:internal/util/inspect:1880:10)
      at basicLayout (C:\Users\betwe\OneDrive\Documentos\CoderHouse\Backend\Proyecto_Final\node_modules\log4js\lib\layouts.js:65:52)
      at app (C:\Users\betwe\OneDrive\Documentos\CoderHouse\Backend\Proyecto_Final\node_modules\log4js\lib\appenders\file.js:98:23) {
    errors: { password: [ValidatorError] },
    _message: 'users validation failed'
  },
  message: 'unable to create user on the DB'
}
[2022-11-03T17:59:45.620] [ERROR] error - {
  error: Error: users validation failed: password: regExp.test is not a function
      at ValidationError.inspect (C:\Users\betwe\OneDrive\Documentos\CoderHouse\Backend\Proyecto_Final\node_modules\mongoose\lib\error\validation.js:48:26)
      at formatValue (node:internal/util/inspect:763:19)
      at formatProperty (node:internal/util/inspect:1681:11)
      at formatRaw (node:internal/util/inspect:1006:9)
      at formatValue (node:internal/util/inspect:793:10)
      at inspect (node:internal/util/inspect:340:10)
      at formatWithOptionsInternal (node:internal/util/inspect:2006:40)
      at Object.format (node:internal/util/inspect:1880:10)
      at basicLayout (C:\Users\betwe\OneDrive\Documentos\CoderHouse\Backend\Proyecto_Final\node_modules\log4js\lib\layouts.js:65:52)
      at app (C:\Users\betwe\OneDrive\Documentos\CoderHouse\Backend\Proyecto_Final\node_modules\log4js\lib\appenders\file.js:98:23) {
    errors: { password: [ValidatorError] },
    _message: 'users validation failed'
  },
  message: 'unable to create user on the DB'
}
[2022-11-03T18:42:07.668] [ERROR] error - { validPassword: false, message: 'incorrect password!' }
[2022-11-03T18:51:56.548] [ERROR] error - { validPassword: false, message: 'incorrect password!' }
[2022-11-03T18:53:23.417] [ERROR] error - { validPassword: false, message: 'incorrect password!' }
[2022-11-03T19:02:51.648] [ERROR] error - Unable to log outTypeError: Cannot read properties of undefined (reading 'user')
[2022-11-03T20:30:53.852] [ERROR] error - Unable to log outTypeError: Cannot read properties of undefined (reading 'user')
[2022-11-03T20:59:42.683] [ERROR] error - { validPassword: false, message: 'incorrect password!' }
[2022-11-03T22:50:30.647] [ERROR] error - { validPassword: false, message: 'incorrect password!' }
[2022-11-03T22:53:07.225] [ERROR] error - { validPassword: false, message: 'incorrect password!' }
[2022-11-03T22:54:30.330] [ERROR] error - Unable to log outTypeError: Cannot read properties of undefined (reading 'user')
[2022-11-03T22:54:51.744] [ERROR] error - { type: 'password', message: 'incorrect password!' }
[2022-11-03T22:55:52.106] [ERROR] error - { type: 'password', msg: 'incorrect password!' }
[2022-11-03T22:56:40.526] [ERROR] error - { type: 'password', msg: 'incorrect password!' }
[2022-11-03T22:58:27.173] [ERROR] error - { type: 'password', msg: 'incorrect password!' }
[2022-11-03T23:06:25.954] [ERROR] error - { type: 'password', msg: 'incorrect password!' }
[2022-11-03T23:08:06.271] [ERROR] error - { type: 'password', message: 'incorrect password!' }
[2022-11-03T23:09:52.722] [ERROR] error - { type: 'password', message: 'incorrect password!' }
[2022-11-03T23:10:47.756] [ERROR] error - { type: 'password', message: 'incorrect password!' }
[2022-11-03T23:11:34.550] [ERROR] error - { type: 'password', message: 'incorrect password!' }
[2022-11-03T23:14:24.220] [ERROR] error - { type: 'password', message: 'incorrect password!' }
[2022-11-03T23:37:32.303] [ERROR] error - { type: 'password', message: 'incorrect password!' }
[2022-11-03T23:41:01.803] [ERROR] error - { type: 'password', message: 'incorrect password!' }
[2022-11-03T23:41:35.098] [ERROR] error - { type: 'password', message: 'incorrect password!' }
[2022-11-03T23:42:06.028] [ERROR] error - { type: 'password', message: 'incorrect password!' }
[2022-11-03T23:42:30.842] [ERROR] error - { type: 'password', message: 'incorrect password!' }
[2022-11-03T23:48:54.438] [ERROR] error - { type: 'password', message: 'incorrect password!' }
[2022-11-03T23:49:44.022] [ERROR] error - { type: 'password', message: 'incorrect password!' }
[2022-11-03T23:51:23.792] [ERROR] error - { type: 'password', message: 'incorrect password!' }
[2022-11-03T23:52:21.360] [ERROR] error - { type: 'password', message: 'incorrect password!' }
[2022-11-03T23:53:57.224] [ERROR] error - { type: 'password', message: 'incorrect password!' }
[2022-11-04T01:58:03.915] [ERROR] error - Error: users validation failed: realname: User real name needed
    at ValidationError.inspect (C:\Users\betwe\OneDrive\Documentos\CoderHouse\Backend\Proyecto_Final\node_modules\mongoose\lib\error\validation.js:48:26)
    at formatValue (node:internal/util/inspect:763:19)
    at inspect (node:internal/util/inspect:340:10)
    at formatWithOptionsInternal (node:internal/util/inspect:2006:40)
    at Object.format (node:internal/util/inspect:1880:10)
    at basicLayout (C:\Users\betwe\OneDrive\Documentos\CoderHouse\Backend\Proyecto_Final\node_modules\log4js\lib\layouts.js:65:52)
    at app (C:\Users\betwe\OneDrive\Documentos\CoderHouse\Backend\Proyecto_Final\node_modules\log4js\lib\appenders\file.js:98:23)
    at C:\Users\betwe\OneDrive\Documentos\CoderHouse\Backend\Proyecto_Final\node_modules\log4js\lib\log4js.js:43:5
    at Array.forEach (<anonymous>)
    at sendLogEventToAppender (C:\Users\betwe\OneDrive\Documentos\CoderHouse\Backend\Proyecto_Final\node_modules\log4js\lib\log4js.js:42:21) {
  errors: {
    realname: ValidatorError: User real name needed
        at validate (C:\Users\betwe\OneDrive\Documentos\CoderHouse\Backend\Proyecto_Final\node_modules\mongoose\lib\schematype.js:1329:13)
        at SchemaString.SchemaType.doValidate (C:\Users\betwe\OneDrive\Documentos\CoderHouse\Backend\Proyecto_Final\node_modules\mongoose\lib\schematype.js:1313:7)
        at C:\Users\betwe\OneDrive\Documentos\CoderHouse\Backend\Proyecto_Final\node_modules\mongoose\lib\document.js:2794:18
        at processTicksAndRejections (node:internal/process/task_queues:78:11) {
      properties: [Object],
      kind: 'required',
      path: 'realname',
      value: undefined,
      reason: undefined,
      [Symbol(mongoose:validatorError)]: true
    }
  },
  _message: 'users validation failed'
}
[2022-11-04T01:59:17.737] [ERROR] error - Error: users validation failed: realname: User real name needed
    at ValidationError.inspect (C:\Users\betwe\OneDrive\Documentos\CoderHouse\Backend\Proyecto_Final\node_modules\mongoose\lib\error\validation.js:48:26)
    at formatValue (node:internal/util/inspect:763:19)
    at inspect (node:internal/util/inspect:340:10)
    at formatWithOptionsInternal (node:internal/util/inspect:2006:40)
    at Object.format (node:internal/util/inspect:1880:10)
    at basicLayout (C:\Users\betwe\OneDrive\Documentos\CoderHouse\Backend\Proyecto_Final\node_modules\log4js\lib\layouts.js:65:52)
    at app (C:\Users\betwe\OneDrive\Documentos\CoderHouse\Backend\Proyecto_Final\node_modules\log4js\lib\appenders\file.js:98:23)
    at C:\Users\betwe\OneDrive\Documentos\CoderHouse\Backend\Proyecto_Final\node_modules\log4js\lib\log4js.js:43:5
    at Array.forEach (<anonymous>)
    at sendLogEventToAppender (C:\Users\betwe\OneDrive\Documentos\CoderHouse\Backend\Proyecto_Final\node_modules\log4js\lib\log4js.js:42:21) {
  errors: {
    realname: ValidatorError: User real name needed
        at validate (C:\Users\betwe\OneDrive\Documentos\CoderHouse\Backend\Proyecto_Final\node_modules\mongoose\lib\schematype.js:1329:13)
        at SchemaString.SchemaType.doValidate (C:\Users\betwe\OneDrive\Documentos\CoderHouse\Backend\Proyecto_Final\node_modules\mongoose\lib\schematype.js:1313:7)
        at C:\Users\betwe\OneDrive\Documentos\CoderHouse\Backend\Proyecto_Final\node_modules\mongoose\lib\document.js:2794:18
        at processTicksAndRejections (node:internal/process/task_queues:78:11) {
      properties: [Object],
      kind: 'required',
      path: 'realname',
      value: undefined,
      reason: undefined,
      [Symbol(mongoose:validatorError)]: true
    }
  },
  _message: 'users validation failed'
}
[2022-11-04T02:05:27.476] [ERROR] error - Error: users validation failed: realname: User real name needed
    at ValidationError.inspect (C:\Users\betwe\OneDrive\Documentos\CoderHouse\Backend\Proyecto_Final\node_modules\mongoose\lib\error\validation.js:48:26)
    at formatValue (node:internal/util/inspect:763:19)
    at inspect (node:internal/util/inspect:340:10)
    at formatWithOptionsInternal (node:internal/util/inspect:2006:40)
    at Object.format (node:internal/util/inspect:1880:10)
    at basicLayout (C:\Users\betwe\OneDrive\Documentos\CoderHouse\Backend\Proyecto_Final\node_modules\log4js\lib\layouts.js:65:52)
    at app (C:\Users\betwe\OneDrive\Documentos\CoderHouse\Backend\Proyecto_Final\node_modules\log4js\lib\appenders\file.js:98:23)
    at C:\Users\betwe\OneDrive\Documentos\CoderHouse\Backend\Proyecto_Final\node_modules\log4js\lib\log4js.js:43:5
    at Array.forEach (<anonymous>)
    at sendLogEventToAppender (C:\Users\betwe\OneDrive\Documentos\CoderHouse\Backend\Proyecto_Final\node_modules\log4js\lib\log4js.js:42:21) {
  errors: {
    realname: ValidatorError: User real name needed
        at validate (C:\Users\betwe\OneDrive\Documentos\CoderHouse\Backend\Proyecto_Final\node_modules\mongoose\lib\schematype.js:1329:13)
        at SchemaString.SchemaType.doValidate (C:\Users\betwe\OneDrive\Documentos\CoderHouse\Backend\Proyecto_Final\node_modules\mongoose\lib\schematype.js:1313:7)
        at C:\Users\betwe\OneDrive\Documentos\CoderHouse\Backend\Proyecto_Final\node_modules\mongoose\lib\document.js:2794:18
        at processTicksAndRejections (node:internal/process/task_queues:78:11) {
      properties: [Object],
      kind: 'required',
      path: 'realname',
      value: undefined,
      reason: undefined,
      [Symbol(mongoose:validatorError)]: true
    }
  },
  _message: 'users validation failed'
}
[2022-11-04T02:05:47.153] [ERROR] error - Error: users validation failed: realname: User real name needed
    at ValidationError.inspect (C:\Users\betwe\OneDrive\Documentos\CoderHouse\Backend\Proyecto_Final\node_modules\mongoose\lib\error\validation.js:48:26)
    at formatValue (node:internal/util/inspect:763:19)
    at inspect (node:internal/util/inspect:340:10)
    at formatWithOptionsInternal (node:internal/util/inspect:2006:40)
    at Object.format (node:internal/util/inspect:1880:10)
    at basicLayout (C:\Users\betwe\OneDrive\Documentos\CoderHouse\Backend\Proyecto_Final\node_modules\log4js\lib\layouts.js:65:52)
    at app (C:\Users\betwe\OneDrive\Documentos\CoderHouse\Backend\Proyecto_Final\node_modules\log4js\lib\appenders\file.js:98:23)
    at C:\Users\betwe\OneDrive\Documentos\CoderHouse\Backend\Proyecto_Final\node_modules\log4js\lib\log4js.js:43:5
    at Array.forEach (<anonymous>)
    at sendLogEventToAppender (C:\Users\betwe\OneDrive\Documentos\CoderHouse\Backend\Proyecto_Final\node_modules\log4js\lib\log4js.js:42:21) {
  errors: {
    realname: ValidatorError: User real name needed
        at validate (C:\Users\betwe\OneDrive\Documentos\CoderHouse\Backend\Proyecto_Final\node_modules\mongoose\lib\schematype.js:1329:13)
        at SchemaString.SchemaType.doValidate (C:\Users\betwe\OneDrive\Documentos\CoderHouse\Backend\Proyecto_Final\node_modules\mongoose\lib\schematype.js:1313:7)
        at C:\Users\betwe\OneDrive\Documentos\CoderHouse\Backend\Proyecto_Final\node_modules\mongoose\lib\document.js:2794:18
        at processTicksAndRejections (node:internal/process/task_queues:78:11) {
      properties: [Object],
      kind: 'required',
      path: 'realname',
      value: undefined,
      reason: undefined,
      [Symbol(mongoose:validatorError)]: true
    }
  },
  _message: 'users validation failed'
}
[2022-11-04T02:08:48.101] [ERROR] error - Error: users validation failed: realname: User real name needed
    at ValidationError.inspect (C:\Users\betwe\OneDrive\Documentos\CoderHouse\Backend\Proyecto_Final\node_modules\mongoose\lib\error\validation.js:48:26)
    at formatValue (node:internal/util/inspect:763:19)
    at inspect (node:internal/util/inspect:340:10)
    at formatWithOptionsInternal (node:internal/util/inspect:2006:40)
    at Object.format (node:internal/util/inspect:1880:10)
    at basicLayout (C:\Users\betwe\OneDrive\Documentos\CoderHouse\Backend\Proyecto_Final\node_modules\log4js\lib\layouts.js:65:52)
    at app (C:\Users\betwe\OneDrive\Documentos\CoderHouse\Backend\Proyecto_Final\node_modules\log4js\lib\appenders\file.js:98:23)
    at C:\Users\betwe\OneDrive\Documentos\CoderHouse\Backend\Proyecto_Final\node_modules\log4js\lib\log4js.js:43:5
    at Array.forEach (<anonymous>)
    at sendLogEventToAppender (C:\Users\betwe\OneDrive\Documentos\CoderHouse\Backend\Proyecto_Final\node_modules\log4js\lib\log4js.js:42:21) {
  errors: {
    realname: ValidatorError: User real name needed
        at validate (C:\Users\betwe\OneDrive\Documentos\CoderHouse\Backend\Proyecto_Final\node_modules\mongoose\lib\schematype.js:1329:13)
        at SchemaString.SchemaType.doValidate (C:\Users\betwe\OneDrive\Documentos\CoderHouse\Backend\Proyecto_Final\node_modules\mongoose\lib\schematype.js:1313:7)
        at C:\Users\betwe\OneDrive\Documentos\CoderHouse\Backend\Proyecto_Final\node_modules\mongoose\lib\document.js:2794:18
        at processTicksAndRejections (node:internal/process/task_queues:78:11) {
      properties: [Object],
      kind: 'required',
      path: 'realname',
      value: undefined,
      reason: undefined,
      [Symbol(mongoose:validatorError)]: true
    }
  },
  _message: 'users validation failed'
}
[2022-11-04T03:01:01.495] [ERROR] error - Error: users validation failed: assignedChartId: Cast to string failed for value "{
  doc: {
    email: 'deprueba@thismail.com',
    prods: [],
    totalPrice: 0,
    destinyAddress: '',
    purchased: false,
    _id: new ObjectId("6364aa9d11b86c26dc6b382f"),
    createdAt: 2022-11-04T06:01:01.400Z,
    updatedAt: 2022-11-04T06:01:01.400Z,
    __v: 0
  },
  message: 'chart created successfully'
}" (type Object) at path "assignedChartId"
    at ValidationError.inspect (C:\Users\betwe\OneDrive\Documentos\CoderHouse\Backend\Proyecto_Final\node_modules\mongoose\lib\error\validation.js:48:26)
    at formatValue (node:internal/util/inspect:763:19)
    at inspect (node:internal/util/inspect:340:10)
    at formatWithOptionsInternal (node:internal/util/inspect:2006:40)
    at Object.format (node:internal/util/inspect:1880:10)
    at basicLayout (C:\Users\betwe\OneDrive\Documentos\CoderHouse\Backend\Proyecto_Final\node_modules\log4js\lib\layouts.js:65:52)
    at app (C:\Users\betwe\OneDrive\Documentos\CoderHouse\Backend\Proyecto_Final\node_modules\log4js\lib\appenders\file.js:98:23)
    at C:\Users\betwe\OneDrive\Documentos\CoderHouse\Backend\Proyecto_Final\node_modules\log4js\lib\log4js.js:43:5
    at Array.forEach (<anonymous>)
    at sendLogEventToAppender (C:\Users\betwe\OneDrive\Documentos\CoderHouse\Backend\Proyecto_Final\node_modules\log4js\lib\log4js.js:42:21) {
  errors: {
    assignedChartId: CastError: Cast to string failed for value "{
      doc: {
        email: 'deprueba@thismail.com',
        prods: [],
        totalPrice: 0,
        destinyAddress: '',
        purchased: false,
        _id: new ObjectId("6364aa9d11b86c26dc6b382f"),
        createdAt: 2022-11-04T06:01:01.400Z,
        updatedAt: 2022-11-04T06:01:01.400Z,
        __v: 0
      },
      message: 'chart created successfully'
    }" (type Object) at path "assignedChartId"
        at SchemaString.cast (C:\Users\betwe\OneDrive\Documentos\CoderHouse\Backend\Proyecto_Final\node_modules\mongoose\lib\schema\string.js:600:11)
        at SchemaString.SchemaType.applySetters (C:\Users\betwe\OneDrive\Documentos\CoderHouse\Backend\Proyecto_Final\node_modules\mongoose\lib\schematype.js:1188:12)
        at model.$set (C:\Users\betwe\OneDrive\Documentos\CoderHouse\Backend\Proyecto_Final\node_modules\mongoose\lib\document.js:1443:22)
        at model.$set (C:\Users\betwe\OneDrive\Documentos\CoderHouse\Backend\Proyecto_Final\node_modules\mongoose\lib\document.js:1168:16)
        at model.Document (C:\Users\betwe\OneDrive\Documentos\CoderHouse\Backend\Proyecto_Final\node_modules\mongoose\lib\document.js:161:12)
        at model.Model (C:\Users\betwe\OneDrive\Documentos\CoderHouse\Backend\Proyecto_Final\node_modules\mongoose\lib\model.js:115:12)
        at new model (C:\Users\betwe\OneDrive\Documentos\CoderHouse\Backend\Proyecto_Final\node_modules\mongoose\lib\model.js:4826:15)
        at C:\Users\betwe\OneDrive\Documentos\CoderHouse\Backend\Proyecto_Final\node_modules\mongoose\lib\model.js:3133:22
        at C:\Users\betwe\OneDrive\Documentos\CoderHouse\Backend\Proyecto_Final\node_modules\mongoose\lib\model.js:3169:7
        at Array.forEach (<anonymous>) {
      stringValue: '"{\n' +
        '  doc: {\n' +
        "    email: 'deprueba@thismail.com',\n" +
        '    prods: [],\n' +
        '    totalPrice: 0,\n' +
        "    destinyAddress: '',\n" +
        '    purchased: false,\n' +
        '    _id: new ObjectId("6364aa9d11b86c26dc6b382f"),\n' +
        '    createdAt: 2022-11-04T06:01:01.400Z,\n' +
        '    updatedAt: 2022-11-04T06:01:01.400Z,\n' +
        '    __v: 0\n' +
        '  },\n' +
        "  message: 'chart created successfully'\n" +
        '}"',
      messageFormat: undefined,
      kind: 'string',
      value: [Object],
      path: 'assignedChartId',
      reason: null,
      valueType: 'Object'
    }
  },
  _message: 'users validation failed'
}
[2022-11-05T14:03:07.295] [ERROR] error - could not send email
[2022-11-05T14:05:14.661] [ERROR] error - Error: Invalid status code 500
    at ClientRequest.<anonymous> (C:\Users\betwe\OneDrive\Documentos\CoderHouse\Backend\Proyecto_Final\node_modules\nodemailer\lib\fetch\index.js:213:23)
    at ClientRequest.emit (node:events:390:28)
    at HTTPParser.parserOnIncomingClient [as onIncoming] (node:_http_client:623:27)
    at HTTPParser.parserOnHeadersComplete (node:_http_common:128:17)
    at TLSSocket.socketOnData (node:_http_client:487:22)
    at TLSSocket.emit (node:events:390:28)
    at addChunk (node:internal/streams/readable:315:12)
    at readableAddChunk (node:internal/streams/readable:289:9)
    at TLSSocket.Readable.push (node:internal/streams/readable:228:10)
    at TLSWrap.onStreamRead (node:internal/stream_base_commons:199:23) {
  type: 'FETCH',
  sourceUrl: 'https://api.nodemailer.com/user'
}
[2022-11-05T14:11:48.641] [ERROR] error - could not send email Error: Greeting never received
    at SMTPConnection._formatError (C:\Users\betwe\OneDrive\Documentos\CoderHouse\Backend\Proyecto_Final\node_modules\nodemailer\lib\smtp-connection\index.js:790:19)
    at SMTPConnection._onError (C:\Users\betwe\OneDrive\Documentos\CoderHouse\Backend\Proyecto_Final\node_modules\nodemailer\lib\smtp-connection\index.js:776:20)
    at Timeout.<anonymous> (C:\Users\betwe\OneDrive\Documentos\CoderHouse\Backend\Proyecto_Final\node_modules\nodemailer\lib\smtp-connection\index.js:710:22)
    at listOnTimeout (node:internal/timers:557:17)
    at processTimers (node:internal/timers:500:7) {
  code: 'ETIMEDOUT',
  command: 'CONN'
}
[2022-11-05T14:20:23.029] [ERROR] error - could not send email ReferenceError: log is not defined
    at sendMail (C:\Users\betwe\OneDrive\Documentos\CoderHouse\Backend\Proyecto_Final\config\nodemailerConfig.js:45:9)
    at processTicksAndRejections (node:internal/process/task_queues:96:5)
    at async Strategy._verify (C:\Users\betwe\OneDrive\Documentos\CoderHouse\Backend\Proyecto_Final\utils\passport.js:120:13)
[2022-11-05T14:49:19.669] [ERROR] error - could not send email Error: self signed certificate in certificate chain
    at TLSSocket.onConnectSecure (node:_tls_wrap:1530:34)
    at TLSSocket.emit (node:events:390:28)
    at TLSSocket._finishInit (node:_tls_wrap:944:8)
    at TLSWrap.ssl.onhandshakedone (node:_tls_wrap:725:12) {
  code: 'ESOCKET',
  command: 'CONN'
}
[2022-11-05T17:24:04.803] [ERROR] error - {
  message: 'could not search requested product on db',
  error: CastError: Cast to ObjectId failed for value "00005" (type string) at path "_id" for model "products"
      at model.Query.exec (C:\Users\betwe\OneDrive\Documentos\CoderHouse\Backend\Proyecto_Final\node_modules\mongoose\lib\query.js:4780:21)
      at model.Query.Query.then (C:\Users\betwe\OneDrive\Documentos\CoderHouse\Backend\Proyecto_Final\node_modules\mongoose\lib\query.js:4879:15)
      at processTicksAndRejections (node:internal/process/task_queues:96:5) {
    messageFormat: undefined,
    stringValue: '"00005"',
    kind: 'ObjectId',
    value: '00005',
    path: '_id',
    reason: BSONTypeError: Argument passed in must be a string of 12 bytes or a string of 24 hex characters or an integer
        at new BSONTypeError (C:\Users\betwe\OneDrive\Documentos\CoderHouse\Backend\Proyecto_Final\node_modules\bson\lib\error.js:41:28)
        at new ObjectId (C:\Users\betwe\OneDrive\Documentos\CoderHouse\Backend\Proyecto_Final\node_modules\bson\lib\objectid.js:67:23)
        at castObjectId (C:\Users\betwe\OneDrive\Documentos\CoderHouse\Backend\Proyecto_Final\node_modules\mongoose\lib\cast\objectid.js:25:12)
        at ObjectId.cast (C:\Users\betwe\OneDrive\Documentos\CoderHouse\Backend\Proyecto_Final\node_modules\mongoose\lib\schema\objectid.js:246:12)
        at ObjectId.SchemaType.applySetters (C:\Users\betwe\OneDrive\Documentos\CoderHouse\Backend\Proyecto_Final\node_modules\mongoose\lib\schematype.js:1188:12)
        at ObjectId.SchemaType._castForQuery (C:\Users\betwe\OneDrive\Documentos\CoderHouse\Backend\Proyecto_Final\node_modules\mongoose\lib\schematype.js:1622:15)
        at ObjectId.SchemaType.castForQuery (C:\Users\betwe\OneDrive\Documentos\CoderHouse\Backend\Proyecto_Final\node_modules\mongoose\lib\schematype.js:1612:15)
        at ObjectId.SchemaType.castForQueryWrapper (C:\Users\betwe\OneDrive\Documentos\CoderHouse\Backend\Proyecto_Final\node_modules\mongoose\lib\schematype.js:1589:20)
        at cast (C:\Users\betwe\OneDrive\Documentos\CoderHouse\Backend\Proyecto_Final\node_modules\mongoose\lib\cast.js:344:32)
        at cast (C:\Users\betwe\OneDrive\Documentos\CoderHouse\Backend\Proyecto_Final\node_modules\mongoose\lib\cast.js:68:18),
    valueType: 'string'
  }
}
[2022-11-05T18:09:33.474] [ERROR] error - {
  error: CastError: Cast to Number failed for value "NaN" (type number) at path "totalPrice"
      at model.Query.exec (C:\Users\betwe\OneDrive\Documentos\CoderHouse\Backend\Proyecto_Final\node_modules\mongoose\lib\query.js:4780:21)
      at model.Query.Query.then (C:\Users\betwe\OneDrive\Documentos\CoderHouse\Backend\Proyecto_Final\node_modules\mongoose\lib\query.js:4879:15)
      at processTicksAndRejections (node:internal/process/task_queues:96:5) {
    messageFormat: undefined,
    stringValue: '"NaN"',
    kind: 'Number',
    value: NaN,
    path: 'totalPrice',
    reason: AssertionError [ERR_ASSERTION]: The expression evaluated to a falsy value:
    
      assert.ok(!isNaN(val))
    
        at castNumber (C:\Users\betwe\OneDrive\Documentos\CoderHouse\Backend\Proyecto_Final\node_modules\mongoose\lib\cast\number.js:27:10)
        at SchemaNumber.cast (C:\Users\betwe\OneDrive\Documentos\CoderHouse\Backend\Proyecto_Final\node_modules\mongoose\lib\schema\number.js:376:12)
        at SchemaNumber.SchemaType.applySetters (C:\Users\betwe\OneDrive\Documentos\CoderHouse\Backend\Proyecto_Final\node_modules\mongoose\lib\schematype.js:1188:12)
        at SchemaNumber.SchemaType._castForQuery (C:\Users\betwe\OneDrive\Documentos\CoderHouse\Backend\Proyecto_Final\node_modules\mongoose\lib\schematype.js:1622:15)
        at SchemaNumber.castForQuery (C:\Users\betwe\OneDrive\Documentos\CoderHouse\Backend\Proyecto_Final\node_modules\mongoose\lib\schema\number.js:430:14)
        at SchemaNumber.SchemaType.castForQueryWrapper (C:\Users\betwe\OneDrive\Documentos\CoderHouse\Backend\Proyecto_Final\node_modules\mongoose\lib\schematype.js:1589:20)
        at castUpdateVal (C:\Users\betwe\OneDrive\Documentos\CoderHouse\Backend\Proyecto_Final\node_modules\mongoose\lib\helpers\query\castUpdate.js:517:21)
        at walkUpdatePath (C:\Users\betwe\OneDrive\Documentos\CoderHouse\Backend\Proyecto_Final\node_modules\mongoose\lib\helpers\query\castUpdate.js:359:24)
        at castUpdate (C:\Users\betwe\OneDrive\Documentos\CoderHouse\Backend\Proyecto_Final\node_modules\mongoose\lib\helpers\query\castUpdate.js:96:7)
        at model.Query._castUpdate (C:\Users\betwe\OneDrive\Documentos\CoderHouse\Backend\Proyecto_Final\node_modules\mongoose\lib\query.js:4989:10) {
      generatedMessage: true,
      code: 'ERR_ASSERTION',
      actual: false,
      expected: true,
      operator: '=='
    },
    valueType: 'number'
  },
  message: 'unable to add product to the chart'
}
[2022-11-05T18:16:08.729] [ERROR] error - {
  error: CastError: Cast to Number failed for value "NaN" (type number) at path "totalPrice"
      at model.Query.exec (C:\Users\betwe\OneDrive\Documentos\CoderHouse\Backend\Proyecto_Final\node_modules\mongoose\lib\query.js:4780:21)
      at model.Query.Query.then (C:\Users\betwe\OneDrive\Documentos\CoderHouse\Backend\Proyecto_Final\node_modules\mongoose\lib\query.js:4879:15)
      at processTicksAndRejections (node:internal/process/task_queues:96:5) {
    messageFormat: undefined,
    stringValue: '"NaN"',
    kind: 'Number',
    value: NaN,
    path: 'totalPrice',
    reason: AssertionError [ERR_ASSERTION]: The expression evaluated to a falsy value:
    
      assert.ok(!isNaN(val))
    
        at castNumber (C:\Users\betwe\OneDrive\Documentos\CoderHouse\Backend\Proyecto_Final\node_modules\mongoose\lib\cast\number.js:27:10)
        at SchemaNumber.cast (C:\Users\betwe\OneDrive\Documentos\CoderHouse\Backend\Proyecto_Final\node_modules\mongoose\lib\schema\number.js:376:12)
        at SchemaNumber.SchemaType.applySetters (C:\Users\betwe\OneDrive\Documentos\CoderHouse\Backend\Proyecto_Final\node_modules\mongoose\lib\schematype.js:1188:12)
        at SchemaNumber.SchemaType._castForQuery (C:\Users\betwe\OneDrive\Documentos\CoderHouse\Backend\Proyecto_Final\node_modules\mongoose\lib\schematype.js:1622:15)
        at SchemaNumber.castForQuery (C:\Users\betwe\OneDrive\Documentos\CoderHouse\Backend\Proyecto_Final\node_modules\mongoose\lib\schema\number.js:430:14)
        at SchemaNumber.SchemaType.castForQueryWrapper (C:\Users\betwe\OneDrive\Documentos\CoderHouse\Backend\Proyecto_Final\node_modules\mongoose\lib\schematype.js:1589:20)
        at castUpdateVal (C:\Users\betwe\OneDrive\Documentos\CoderHouse\Backend\Proyecto_Final\node_modules\mongoose\lib\helpers\query\castUpdate.js:517:21)
        at walkUpdatePath (C:\Users\betwe\OneDrive\Documentos\CoderHouse\Backend\Proyecto_Final\node_modules\mongoose\lib\helpers\query\castUpdate.js:359:24)
        at castUpdate (C:\Users\betwe\OneDrive\Documentos\CoderHouse\Backend\Proyecto_Final\node_modules\mongoose\lib\helpers\query\castUpdate.js:96:7)
        at model.Query._castUpdate (C:\Users\betwe\OneDrive\Documentos\CoderHouse\Backend\Proyecto_Final\node_modules\mongoose\lib\query.js:4989:10) {
      generatedMessage: true,
      code: 'ERR_ASSERTION',
      actual: false,
      expected: true,
      operator: '=='
    },
    valueType: 'number'
  },
  message: 'unable to add product to the chart'
}
[2022-11-05T18:19:19.579] [ERROR] error - {
  error: CastError: Cast to Number failed for value "NaN" (type number) at path "totalPrice"
      at model.Query.exec (C:\Users\betwe\OneDrive\Documentos\CoderHouse\Backend\Proyecto_Final\node_modules\mongoose\lib\query.js:4780:21)
      at model.Query.Query.then (C:\Users\betwe\OneDrive\Documentos\CoderHouse\Backend\Proyecto_Final\node_modules\mongoose\lib\query.js:4879:15)
      at processTicksAndRejections (node:internal/process/task_queues:96:5) {
    messageFormat: undefined,
    stringValue: '"NaN"',
    kind: 'Number',
    value: NaN,
    path: 'totalPrice',
    reason: AssertionError [ERR_ASSERTION]: The expression evaluated to a falsy value:
    
      assert.ok(!isNaN(val))
    
        at castNumber (C:\Users\betwe\OneDrive\Documentos\CoderHouse\Backend\Proyecto_Final\node_modules\mongoose\lib\cast\number.js:27:10)
        at SchemaNumber.cast (C:\Users\betwe\OneDrive\Documentos\CoderHouse\Backend\Proyecto_Final\node_modules\mongoose\lib\schema\number.js:376:12)
        at SchemaNumber.SchemaType.applySetters (C:\Users\betwe\OneDrive\Documentos\CoderHouse\Backend\Proyecto_Final\node_modules\mongoose\lib\schematype.js:1188:12)
        at SchemaNumber.SchemaType._castForQuery (C:\Users\betwe\OneDrive\Documentos\CoderHouse\Backend\Proyecto_Final\node_modules\mongoose\lib\schematype.js:1622:15)
        at SchemaNumber.castForQuery (C:\Users\betwe\OneDrive\Documentos\CoderHouse\Backend\Proyecto_Final\node_modules\mongoose\lib\schema\number.js:430:14)
        at SchemaNumber.SchemaType.castForQueryWrapper (C:\Users\betwe\OneDrive\Documentos\CoderHouse\Backend\Proyecto_Final\node_modules\mongoose\lib\schematype.js:1589:20)
        at castUpdateVal (C:\Users\betwe\OneDrive\Documentos\CoderHouse\Backend\Proyecto_Final\node_modules\mongoose\lib\helpers\query\castUpdate.js:517:21)
        at walkUpdatePath (C:\Users\betwe\OneDrive\Documentos\CoderHouse\Backend\Proyecto_Final\node_modules\mongoose\lib\helpers\query\castUpdate.js:359:24)
        at castUpdate (C:\Users\betwe\OneDrive\Documentos\CoderHouse\Backend\Proyecto_Final\node_modules\mongoose\lib\helpers\query\castUpdate.js:96:7)
        at model.Query._castUpdate (C:\Users\betwe\OneDrive\Documentos\CoderHouse\Backend\Proyecto_Final\node_modules\mongoose\lib\query.js:4989:10) {
      generatedMessage: true,
      code: 'ERR_ASSERTION',
      actual: false,
      expected: true,
      operator: '=='
    },
    valueType: 'number'
  },
  message: 'unable to add product to the chart'
}
[2022-11-05T18:20:00.218] [ERROR] error - {
  error: CastError: Cast to Number failed for value "NaN" (type number) at path "totalPrice"
      at model.Query.exec (C:\Users\betwe\OneDrive\Documentos\CoderHouse\Backend\Proyecto_Final\node_modules\mongoose\lib\query.js:4780:21)
      at model.Query.Query.then (C:\Users\betwe\OneDrive\Documentos\CoderHouse\Backend\Proyecto_Final\node_modules\mongoose\lib\query.js:4879:15)
      at processTicksAndRejections (node:internal/process/task_queues:96:5) {
    messageFormat: undefined,
    stringValue: '"NaN"',
    kind: 'Number',
    value: NaN,
    path: 'totalPrice',
    reason: AssertionError [ERR_ASSERTION]: The expression evaluated to a falsy value:
    
      assert.ok(!isNaN(val))
    
        at castNumber (C:\Users\betwe\OneDrive\Documentos\CoderHouse\Backend\Proyecto_Final\node_modules\mongoose\lib\cast\number.js:27:10)
        at SchemaNumber.cast (C:\Users\betwe\OneDrive\Documentos\CoderHouse\Backend\Proyecto_Final\node_modules\mongoose\lib\schema\number.js:376:12)
        at SchemaNumber.SchemaType.applySetters (C:\Users\betwe\OneDrive\Documentos\CoderHouse\Backend\Proyecto_Final\node_modules\mongoose\lib\schematype.js:1188:12)
        at SchemaNumber.SchemaType._castForQuery (C:\Users\betwe\OneDrive\Documentos\CoderHouse\Backend\Proyecto_Final\node_modules\mongoose\lib\schematype.js:1622:15)
        at SchemaNumber.castForQuery (C:\Users\betwe\OneDrive\Documentos\CoderHouse\Backend\Proyecto_Final\node_modules\mongoose\lib\schema\number.js:430:14)
        at SchemaNumber.SchemaType.castForQueryWrapper (C:\Users\betwe\OneDrive\Documentos\CoderHouse\Backend\Proyecto_Final\node_modules\mongoose\lib\schematype.js:1589:20)
        at castUpdateVal (C:\Users\betwe\OneDrive\Documentos\CoderHouse\Backend\Proyecto_Final\node_modules\mongoose\lib\helpers\query\castUpdate.js:517:21)
        at walkUpdatePath (C:\Users\betwe\OneDrive\Documentos\CoderHouse\Backend\Proyecto_Final\node_modules\mongoose\lib\helpers\query\castUpdate.js:359:24)
        at castUpdate (C:\Users\betwe\OneDrive\Documentos\CoderHouse\Backend\Proyecto_Final\node_modules\mongoose\lib\helpers\query\castUpdate.js:96:7)
        at model.Query._castUpdate (C:\Users\betwe\OneDrive\Documentos\CoderHouse\Backend\Proyecto_Final\node_modules\mongoose\lib\query.js:4989:10) {
      generatedMessage: true,
      code: 'ERR_ASSERTION',
      actual: false,
      expected: true,
      operator: '=='
    },
    valueType: 'number'
  },
  message: 'unable to add product to the chart'
}
[2022-11-05T18:20:13.583] [ERROR] error - {
  error: CastError: Cast to Number failed for value "NaN" (type number) at path "totalPrice"
      at model.Query.exec (C:\Users\betwe\OneDrive\Documentos\CoderHouse\Backend\Proyecto_Final\node_modules\mongoose\lib\query.js:4780:21)
      at model.Query.Query.then (C:\Users\betwe\OneDrive\Documentos\CoderHouse\Backend\Proyecto_Final\node_modules\mongoose\lib\query.js:4879:15)
      at processTicksAndRejections (node:internal/process/task_queues:96:5) {
    messageFormat: undefined,
    stringValue: '"NaN"',
    kind: 'Number',
    value: NaN,
    path: 'totalPrice',
    reason: AssertionError [ERR_ASSERTION]: The expression evaluated to a falsy value:
    
      assert.ok(!isNaN(val))
    
        at castNumber (C:\Users\betwe\OneDrive\Documentos\CoderHouse\Backend\Proyecto_Final\node_modules\mongoose\lib\cast\number.js:27:10)
        at SchemaNumber.cast (C:\Users\betwe\OneDrive\Documentos\CoderHouse\Backend\Proyecto_Final\node_modules\mongoose\lib\schema\number.js:376:12)
        at SchemaNumber.SchemaType.applySetters (C:\Users\betwe\OneDrive\Documentos\CoderHouse\Backend\Proyecto_Final\node_modules\mongoose\lib\schematype.js:1188:12)
        at SchemaNumber.SchemaType._castForQuery (C:\Users\betwe\OneDrive\Documentos\CoderHouse\Backend\Proyecto_Final\node_modules\mongoose\lib\schematype.js:1622:15)
        at SchemaNumber.castForQuery (C:\Users\betwe\OneDrive\Documentos\CoderHouse\Backend\Proyecto_Final\node_modules\mongoose\lib\schema\number.js:430:14)
        at SchemaNumber.SchemaType.castForQueryWrapper (C:\Users\betwe\OneDrive\Documentos\CoderHouse\Backend\Proyecto_Final\node_modules\mongoose\lib\schematype.js:1589:20)
        at castUpdateVal (C:\Users\betwe\OneDrive\Documentos\CoderHouse\Backend\Proyecto_Final\node_modules\mongoose\lib\helpers\query\castUpdate.js:517:21)
        at walkUpdatePath (C:\Users\betwe\OneDrive\Documentos\CoderHouse\Backend\Proyecto_Final\node_modules\mongoose\lib\helpers\query\castUpdate.js:359:24)
        at castUpdate (C:\Users\betwe\OneDrive\Documentos\CoderHouse\Backend\Proyecto_Final\node_modules\mongoose\lib\helpers\query\castUpdate.js:96:7)
        at model.Query._castUpdate (C:\Users\betwe\OneDrive\Documentos\CoderHouse\Backend\Proyecto_Final\node_modules\mongoose\lib\query.js:4989:10) {
      generatedMessage: true,
      code: 'ERR_ASSERTION',
      actual: false,
      expected: true,
      operator: '=='
    },
    valueType: 'number'
  },
  message: 'unable to add product to the chart'
}
[2022-11-05T18:22:32.816] [ERROR] error - {
  error: CastError: Cast to Number failed for value "NaN" (type number) at path "totalPrice"
      at model.Query.exec (C:\Users\betwe\OneDrive\Documentos\CoderHouse\Backend\Proyecto_Final\node_modules\mongoose\lib\query.js:4780:21)
      at model.Query.Query.then (C:\Users\betwe\OneDrive\Documentos\CoderHouse\Backend\Proyecto_Final\node_modules\mongoose\lib\query.js:4879:15)
      at processTicksAndRejections (node:internal/process/task_queues:96:5) {
    messageFormat: undefined,
    stringValue: '"NaN"',
    kind: 'Number',
    value: NaN,
    path: 'totalPrice',
    reason: AssertionError [ERR_ASSERTION]: The expression evaluated to a falsy value:
    
      assert.ok(!isNaN(val))
    
        at castNumber (C:\Users\betwe\OneDrive\Documentos\CoderHouse\Backend\Proyecto_Final\node_modules\mongoose\lib\cast\number.js:27:10)
        at SchemaNumber.cast (C:\Users\betwe\OneDrive\Documentos\CoderHouse\Backend\Proyecto_Final\node_modules\mongoose\lib\schema\number.js:376:12)
        at SchemaNumber.SchemaType.applySetters (C:\Users\betwe\OneDrive\Documentos\CoderHouse\Backend\Proyecto_Final\node_modules\mongoose\lib\schematype.js:1188:12)
        at SchemaNumber.SchemaType._castForQuery (C:\Users\betwe\OneDrive\Documentos\CoderHouse\Backend\Proyecto_Final\node_modules\mongoose\lib\schematype.js:1622:15)
        at SchemaNumber.castForQuery (C:\Users\betwe\OneDrive\Documentos\CoderHouse\Backend\Proyecto_Final\node_modules\mongoose\lib\schema\number.js:430:14)
        at SchemaNumber.SchemaType.castForQueryWrapper (C:\Users\betwe\OneDrive\Documentos\CoderHouse\Backend\Proyecto_Final\node_modules\mongoose\lib\schematype.js:1589:20)
        at castUpdateVal (C:\Users\betwe\OneDrive\Documentos\CoderHouse\Backend\Proyecto_Final\node_modules\mongoose\lib\helpers\query\castUpdate.js:517:21)
        at walkUpdatePath (C:\Users\betwe\OneDrive\Documentos\CoderHouse\Backend\Proyecto_Final\node_modules\mongoose\lib\helpers\query\castUpdate.js:359:24)
        at castUpdate (C:\Users\betwe\OneDrive\Documentos\CoderHouse\Backend\Proyecto_Final\node_modules\mongoose\lib\helpers\query\castUpdate.js:96:7)
        at model.Query._castUpdate (C:\Users\betwe\OneDrive\Documentos\CoderHouse\Backend\Proyecto_Final\node_modules\mongoose\lib\query.js:4989:10) {
      generatedMessage: true,
      code: 'ERR_ASSERTION',
      actual: false,
      expected: true,
      operator: '=='
    },
    valueType: 'number'
  },
  message: 'unable to add product to the chart'
}
[2022-11-05T18:25:41.797] [ERROR] error - {
  error: CastError: Cast to Number failed for value "NaN" (type number) at path "totalPrice"
      at model.Query.exec (C:\Users\betwe\OneDrive\Documentos\CoderHouse\Backend\Proyecto_Final\node_modules\mongoose\lib\query.js:4780:21)
      at model.Query.Query.then (C:\Users\betwe\OneDrive\Documentos\CoderHouse\Backend\Proyecto_Final\node_modules\mongoose\lib\query.js:4879:15)
      at processTicksAndRejections (node:internal/process/task_queues:96:5) {
    messageFormat: undefined,
    stringValue: '"NaN"',
    kind: 'Number',
    value: NaN,
    path: 'totalPrice',
    reason: AssertionError [ERR_ASSERTION]: The expression evaluated to a falsy value:
    
      assert.ok(!isNaN(val))
    
        at castNumber (C:\Users\betwe\OneDrive\Documentos\CoderHouse\Backend\Proyecto_Final\node_modules\mongoose\lib\cast\number.js:27:10)
        at SchemaNumber.cast (C:\Users\betwe\OneDrive\Documentos\CoderHouse\Backend\Proyecto_Final\node_modules\mongoose\lib\schema\number.js:376:12)
        at SchemaNumber.SchemaType.applySetters (C:\Users\betwe\OneDrive\Documentos\CoderHouse\Backend\Proyecto_Final\node_modules\mongoose\lib\schematype.js:1188:12)
        at SchemaNumber.SchemaType._castForQuery (C:\Users\betwe\OneDrive\Documentos\CoderHouse\Backend\Proyecto_Final\node_modules\mongoose\lib\schematype.js:1622:15)
        at SchemaNumber.castForQuery (C:\Users\betwe\OneDrive\Documentos\CoderHouse\Backend\Proyecto_Final\node_modules\mongoose\lib\schema\number.js:430:14)
        at SchemaNumber.SchemaType.castForQueryWrapper (C:\Users\betwe\OneDrive\Documentos\CoderHouse\Backend\Proyecto_Final\node_modules\mongoose\lib\schematype.js:1589:20)
        at castUpdateVal (C:\Users\betwe\OneDrive\Documentos\CoderHouse\Backend\Proyecto_Final\node_modules\mongoose\lib\helpers\query\castUpdate.js:517:21)
        at walkUpdatePath (C:\Users\betwe\OneDrive\Documentos\CoderHouse\Backend\Proyecto_Final\node_modules\mongoose\lib\helpers\query\castUpdate.js:359:24)
        at castUpdate (C:\Users\betwe\OneDrive\Documentos\CoderHouse\Backend\Proyecto_Final\node_modules\mongoose\lib\helpers\query\castUpdate.js:96:7)
        at model.Query._castUpdate (C:\Users\betwe\OneDrive\Documentos\CoderHouse\Backend\Proyecto_Final\node_modules\mongoose\lib\query.js:4989:10) {
      generatedMessage: true,
      code: 'ERR_ASSERTION',
      actual: false,
      expected: true,
      operator: '=='
    },
    valueType: 'number'
  },
  message: 'unable to add product to the chart'
}
[2022-11-05T18:27:08.603] [ERROR] error - {
  error: CastError: Cast to Number failed for value "NaN" (type number) at path "totalPrice"
      at model.Query.exec (C:\Users\betwe\OneDrive\Documentos\CoderHouse\Backend\Proyecto_Final\node_modules\mongoose\lib\query.js:4780:21)
      at model.Query.Query.then (C:\Users\betwe\OneDrive\Documentos\CoderHouse\Backend\Proyecto_Final\node_modules\mongoose\lib\query.js:4879:15)
      at processTicksAndRejections (node:internal/process/task_queues:96:5) {
    messageFormat: undefined,
    stringValue: '"NaN"',
    kind: 'Number',
    value: NaN,
    path: 'totalPrice',
    reason: AssertionError [ERR_ASSERTION]: The expression evaluated to a falsy value:
    
      assert.ok(!isNaN(val))
    
        at castNumber (C:\Users\betwe\OneDrive\Documentos\CoderHouse\Backend\Proyecto_Final\node_modules\mongoose\lib\cast\number.js:27:10)
        at SchemaNumber.cast (C:\Users\betwe\OneDrive\Documentos\CoderHouse\Backend\Proyecto_Final\node_modules\mongoose\lib\schema\number.js:376:12)
        at SchemaNumber.SchemaType.applySetters (C:\Users\betwe\OneDrive\Documentos\CoderHouse\Backend\Proyecto_Final\node_modules\mongoose\lib\schematype.js:1188:12)
        at SchemaNumber.SchemaType._castForQuery (C:\Users\betwe\OneDrive\Documentos\CoderHouse\Backend\Proyecto_Final\node_modules\mongoose\lib\schematype.js:1622:15)
        at SchemaNumber.castForQuery (C:\Users\betwe\OneDrive\Documentos\CoderHouse\Backend\Proyecto_Final\node_modules\mongoose\lib\schema\number.js:430:14)
        at SchemaNumber.SchemaType.castForQueryWrapper (C:\Users\betwe\OneDrive\Documentos\CoderHouse\Backend\Proyecto_Final\node_modules\mongoose\lib\schematype.js:1589:20)
        at castUpdateVal (C:\Users\betwe\OneDrive\Documentos\CoderHouse\Backend\Proyecto_Final\node_modules\mongoose\lib\helpers\query\castUpdate.js:517:21)
        at walkUpdatePath (C:\Users\betwe\OneDrive\Documentos\CoderHouse\Backend\Proyecto_Final\node_modules\mongoose\lib\helpers\query\castUpdate.js:359:24)
        at castUpdate (C:\Users\betwe\OneDrive\Documentos\CoderHouse\Backend\Proyecto_Final\node_modules\mongoose\lib\helpers\query\castUpdate.js:96:7)
        at model.Query._castUpdate (C:\Users\betwe\OneDrive\Documentos\CoderHouse\Backend\Proyecto_Final\node_modules\mongoose\lib\query.js:4989:10) {
      generatedMessage: true,
      code: 'ERR_ASSERTION',
      actual: false,
      expected: true,
      operator: '=='
    },
    valueType: 'number'
  },
  message: 'unable to add product to the chart'
}
[2022-11-05T18:30:03.763] [ERROR] error - { error: true, message: 'not enough stock' }
[2022-11-05T18:31:38.875] [ERROR] error - { error: true, message: 'amount must be higher than 0' }
[2022-11-05T18:34:27.903] [ERROR] error - { error: true, message: 'amount must be higher than 0' }
[2022-11-05T18:35:00.600] [ERROR] error - { error: true, message: 'amount must be higher than 0' }
[2022-11-05T18:36:35.778] [ERROR] error - { error: true, message: 'amount must be higher than 0' }
[2022-11-05T18:40:13.417] [ERROR] error - { error: true, message: 'amount must be higher than 0' }
[2022-11-05T18:40:24.163] [ERROR] error - { error: true, message: 'not enough stock' }
[2022-11-05T21:58:23.126] [ERROR] error - {
  error: TypeError: UsersMongoModel.findOne is not a function
      at chartPurchaser (C:\Users\betwe\OneDrive\Documentos\CoderHouse\Backend\Proyecto_Final\services\chartLogic.js:150:43)
      at processTicksAndRejections (node:internal/process/task_queues:96:5)
      at async purchaseChart (C:\Users\betwe\OneDrive\Documentos\CoderHouse\Backend\Proyecto_Final\controllers\chartMongo.js:43:20),
  message: 'could not search for requested chart or user'
}
[2022-11-05T21:59:31.073] [ERROR] error - {
  error: TypeError: UsersMongoModel.findOne is not a function
      at chartPurchaser (C:\Users\betwe\OneDrive\Documentos\CoderHouse\Backend\Proyecto_Final\services\chartLogic.js:150:43)
      at processTicksAndRejections (node:internal/process/task_queues:96:5)
      at async purchaseChart (C:\Users\betwe\OneDrive\Documentos\CoderHouse\Backend\Proyecto_Final\controllers\chartMongo.js:43:20),
  message: 'could not search for requested chart or user'
}
[2022-11-05T22:01:04.122] [ERROR] error - {
  error: TypeError: UsersMongoModel.findOne is not a function
      at chartPurchaser (C:\Users\betwe\OneDrive\Documentos\CoderHouse\Backend\Proyecto_Final\services\chartLogic.js:150:43)
      at processTicksAndRejections (node:internal/process/task_queues:96:5)
      at async purchaseChart (C:\Users\betwe\OneDrive\Documentos\CoderHouse\Backend\Proyecto_Final\controllers\chartMongo.js:44:20),
  message: 'could not search for requested chart or user'
}
[2022-11-05T22:19:11.298] [ERROR] error - { error: true, message: 'chart has already been purchased.' }
[2022-11-05T22:42:43.711] [ERROR] error - { error: true, message: 'chart has already been purchased.' }
[2022-11-05T23:21:53.065] [ERROR] error - { error: true, message: 'chart has already been purchased.' }
[2022-11-05T23:40:24.216] [ERROR] error - { error: true, message: 'chart has already been purchased.' }
[2022-11-06T20:29:17.985] [ERROR] error - {
  error: true,
  type: 'invalidPassword',
  message: 'incorrect password!'
}
[2022-11-06T20:31:15.397] [ERROR] error - {
  error: true,
  type: 'invalidPassword',
  message: 'incorrect password!'
}
[2022-11-06T20:31:31.721] [ERROR] error - {
  error: true,
  type: 'invalidPassword',
  message: 'incorrect password!'
}
[2022-11-06T20:31:48.899] [ERROR] error - {
  error: true,
  type: 'invalidPassword',
  message: 'incorrect password!'
}
[2022-11-06T20:51:11.057] [ERROR] error - Unable to log outTypeError: Cannot read properties of undefined (reading 'user')
[2022-11-07T01:45:59.009] [ERROR] error - { error: true, type: 'Missing credentials', message: undefined }
[2022-11-07T04:37:28.924] [ERROR] error - {
  error: Error: messages validation failed: body: Please insert a message
      at ValidationError.inspect (C:\Users\betwe\OneDrive\Documentos\CoderHouse\Backend\D22\node_modules\mongoose\lib\error\validation.js:50:26)
      at formatValue (node:internal/util/inspect:763:19)
      at formatProperty (node:internal/util/inspect:1681:11)
      at formatRaw (node:internal/util/inspect:1006:9)
      at formatValue (node:internal/util/inspect:793:10)
      at inspect (node:internal/util/inspect:340:10)
      at formatWithOptionsInternal (node:internal/util/inspect:2006:40)
      at Object.format (node:internal/util/inspect:1880:10)
      at basicLayout (C:\Users\betwe\OneDrive\Documentos\CoderHouse\Backend\D22\node_modules\log4js\lib\layouts.js:65:52)
      at app (C:\Users\betwe\OneDrive\Documentos\CoderHouse\Backend\D22\node_modules\log4js\lib\appenders\file.js:98:23) {
    errors: { body: [ValidatorError] },
    _message: 'messages validation failed'
  },
  message: 'could not update or load messages form db'
}
[2022-11-07T04:52:29.559] [ERROR] error - {
  error: Error: messages validation failed: email: The email does not match the requested format
      at ValidationError.inspect (C:\Users\betwe\OneDrive\Documentos\CoderHouse\Backend\D22\node_modules\mongoose\lib\error\validation.js:50:26)
      at formatValue (node:internal/util/inspect:763:19)
      at formatProperty (node:internal/util/inspect:1681:11)
      at formatRaw (node:internal/util/inspect:1006:9)
      at formatValue (node:internal/util/inspect:793:10)
      at inspect (node:internal/util/inspect:340:10)
      at formatWithOptionsInternal (node:internal/util/inspect:2006:40)
      at Object.format (node:internal/util/inspect:1880:10)
      at basicLayout (C:\Users\betwe\OneDrive\Documentos\CoderHouse\Backend\D22\node_modules\log4js\lib\layouts.js:65:52)
      at app (C:\Users\betwe\OneDrive\Documentos\CoderHouse\Backend\D22\node_modules\log4js\lib\appenders\file.js:98:23) {
    errors: { email: [ValidatorError] },
    _message: 'messages validation failed'
  },
  message: 'could not update or load messages form db'
}
[2022-11-07T04:53:03.942] [ERROR] error - {
  error: Error: messages validation failed: email: The email does not match the requested format
      at ValidationError.inspect (C:\Users\betwe\OneDrive\Documentos\CoderHouse\Backend\D22\node_modules\mongoose\lib\error\validation.js:50:26)
      at formatValue (node:internal/util/inspect:763:19)
      at formatProperty (node:internal/util/inspect:1681:11)
      at formatRaw (node:internal/util/inspect:1006:9)
      at formatValue (node:internal/util/inspect:793:10)
      at inspect (node:internal/util/inspect:340:10)
      at formatWithOptionsInternal (node:internal/util/inspect:2006:40)
      at Object.format (node:internal/util/inspect:1880:10)
      at basicLayout (C:\Users\betwe\OneDrive\Documentos\CoderHouse\Backend\D22\node_modules\log4js\lib\layouts.js:65:52)
      at app (C:\Users\betwe\OneDrive\Documentos\CoderHouse\Backend\D22\node_modules\log4js\lib\appenders\file.js:98:23) {
    errors: { email: [ValidatorError] },
    _message: 'messages validation failed'
  },
  message: 'could not update or load messages form db'
}
[2022-11-07T04:54:07.497] [ERROR] error - {
  error: Error: messages validation failed: email: The email does not match the requested format
      at ValidationError.inspect (C:\Users\betwe\OneDrive\Documentos\CoderHouse\Backend\D22\node_modules\mongoose\lib\error\validation.js:50:26)
      at formatValue (node:internal/util/inspect:763:19)
      at formatProperty (node:internal/util/inspect:1681:11)
      at formatRaw (node:internal/util/inspect:1006:9)
      at formatValue (node:internal/util/inspect:793:10)
      at inspect (node:internal/util/inspect:340:10)
      at formatWithOptionsInternal (node:internal/util/inspect:2006:40)
      at Object.format (node:internal/util/inspect:1880:10)
      at basicLayout (C:\Users\betwe\OneDrive\Documentos\CoderHouse\Backend\D22\node_modules\log4js\lib\layouts.js:65:52)
      at app (C:\Users\betwe\OneDrive\Documentos\CoderHouse\Backend\D22\node_modules\log4js\lib\appenders\file.js:98:23) {
    errors: { email: [ValidatorError] },
    _message: 'messages validation failed'
  },
  message: 'could not update or load messages form db'
}
[2022-11-07T05:15:45.127] [ERROR] error - {
  email: ValidatorError: The email does not match the requested format
      at validate (C:\Users\betwe\OneDrive\Documentos\CoderHouse\Backend\D22\node_modules\mongoose\lib\schematype.js:1346:13)
      at SchemaString.SchemaType.doValidate (C:\Users\betwe\OneDrive\Documentos\CoderHouse\Backend\D22\node_modules\mongoose\lib\schematype.js:1330:7)
      at C:\Users\betwe\OneDrive\Documentos\CoderHouse\Backend\D22\node_modules\mongoose\lib\document.js:2877:18
      at processTicksAndRejections (node:internal/process/task_queues:78:11) {
    properties: {
      validator: [Function: matchValidator],
      message: 'The email does not match the requested format',
      type: 'regexp',
      regexp: /[\w-.]+@+\w+[.]+com/,
      path: 'email',
      value: 'fsdfsd'
    },
    kind: 'regexp',
    path: 'email',
    value: 'fsdfsd',
    reason: undefined,
    [Symbol(mongoose:validatorError)]: true
  }
}
[2022-11-07T05:20:17.019] [ERROR] error - undefined
[2022-11-07T05:20:52.651] [ERROR] error - undefined
[2022-11-07T05:26:34.115] [ERROR] error - The email does not match the requested format
[2022-11-07T05:29:35.492] [ERROR] error - The email does not match the requested format
[2022-11-07T05:38:57.411] [ERROR] error - Please insert a message
[2022-11-07T05:40:39.582] [ERROR] error - Please insert an email address
[2022-11-07T05:41:03.376] [ERROR] error - Please insert a message
